Build started 8/13/2024 4:46:42 PM.
     0>Process = "C:\Program Files\dotnet\dotnet.exe"
       MSBuild executable path = "C:\Program Files\dotnet\sdk\8.0.303\MSBuild.dll"
       Command line arguments = "C:\Program Files\dotnet\sdk\8.0.303\MSBuild.dll -maxcpucount -verbosity:m -nologo -restore -consoleloggerparameters:Summary -verbosity:detailed -distributedlogger:Microsoft.DotNet.Tools.MSBuild.MSBuildLogger,C:\Program Files\dotnet\sdk\8.0.303\dotnet.dll*Microsoft.DotNet.Tools.MSBuild.MSBuildForwardingLogger,C:\Program Files\dotnet\sdk\8.0.303\dotnet.dll"
       Current directory = "C:\Users\abc\source\repos\TestWixToolkit\MyInstaller"
       MSBuild version = "17.10.4+10fbfbf2e"
       Assembly loaded during Evaluation: Microsoft.NET.StringTools, Version=1.0.0.0, Culture=neutral, PublicKeyToken=b03f5f7f11d50a3a (location: C:\Program Files\dotnet\sdk\8.0.303\Microsoft.NET.StringTools.dll, MVID: a8215d72-494e-46bc-80f3-3ce7f496c99c, AssemblyLoadContext: Default)
       Assembly loaded during Evaluation: System.Net.Sockets, Version=8.0.0.0, Culture=neutral, PublicKeyToken=b03f5f7f11d50a3a (location: C:\Program Files\dotnet\shared\Microsoft.NETCore.App\8.0.7\System.Net.Sockets.dll, MVID: e382af1a-059f-4303-b0f2-7836c6afae8e, AssemblyLoadContext: Default)
       Assembly loaded during Evaluation: System.Threading.Overlapped, Version=8.0.0.0, Culture=neutral, PublicKeyToken=b03f5f7f11d50a3a (location: C:\Program Files\dotnet\shared\Microsoft.NETCore.App\8.0.7\System.Threading.Overlapped.dll, MVID: 62735d68-57ea-4112-b2d0-8737613f6282, AssemblyLoadContext: Default)
       Assembly loaded during Evaluation: System.Threading.ThreadPool, Version=8.0.0.0, Culture=neutral, PublicKeyToken=b03f5f7f11d50a3a (location: C:\Program Files\dotnet\shared\Microsoft.NETCore.App\8.0.7\System.Threading.ThreadPool.dll, MVID: d636456b-1877-4426-99b8-11092cc785e8, AssemblyLoadContext: Default)
       The target "PrepareForBuild" listed in a BeforeTargets attribute at "C:\Users\abc\source\repos\TestWixToolkit\MyInstaller\MyInstaller.wixproj (89,49)" does not exist in the project, and will be ignored.
     1>Project "C:\Users\abc\source\repos\TestWixToolkit\MyInstaller\MyInstaller.wixproj" on node 1 (Restore target(s)).
     1>Project file contains ToolsVersion="4.0". This toolset may be unknown or missing, in which case you may be able to resolve this by installing the appropriate version of MSBuild, or the build may have been forced to a particular ToolsVersion for policy reasons. Treating the project as if it had ToolsVersion="Current". For more information, please see http://go.microsoft.com/fwlink/?LinkId=293424.
       Target "Restore" skipped. The target does not exist in the project and SkipNonexistentTargets is set to true.
     1>Target "EnsureWixToolsetInstalled" in project "C:\Users\abc\source\repos\TestWixToolkit\MyInstaller\MyInstaller.wixproj" (entry point):
       Using "Error" task from assembly "Microsoft.Build.Tasks.Core, Version=15.1.0.0, Culture=neutral, PublicKeyToken=b03f5f7f11d50a3a".
       Task "Error"
     1>C:\Users\abc\source\repos\TestWixToolkit\MyInstaller\MyInstaller.wixproj(66,5): error : The WiX Toolset v3.11 build tools must be installed to build this project. To download the WiX Toolset, see https://wixtoolset.org/releases/v3.11/stable
       Done executing task "Error" -- FAILED.
     1>Done building target "EnsureWixToolsetInstalled" in project "MyInstaller.wixproj" -- FAILED.
     1>Done Building Project "C:\Users\abc\source\repos\TestWixToolkit\MyInstaller\MyInstaller.wixproj" (Restore target(s)) -- FAILED.

Build FAILED.

       "C:\Users\abc\source\repos\TestWixToolkit\MyInstaller\MyInstaller.wixproj" (Restore target) (1) ->
       (EnsureWixToolsetInstalled target) -> 
         C:\Users\abc\source\repos\TestWixToolkit\MyInstaller\MyInstaller.wixproj(66,5): error : The WiX Toolset v3.11 build tools must be installed to build this project. To download the WiX Toolset, see https://wixtoolset.org/releases/v3.11/stable

    0 Warning(s)
    1 Error(s)

Time Elapsed 00:00:00.17
